<?xml version="1.0" encoding="UTF-8"?>
<testng-results ignored="0" total="2" passed="2" failed="0" skipped="0">
  <reporter-output>
  </reporter-output>
  <suite started-at="2025-05-22T18:00:37 EDT" name="All Test Suite" finished-at="2025-05-22T18:01:10 EDT" duration-ms="32385">
    <groups>
    </groups>
    <test started-at="2025-05-22T18:00:37 EDT" name="EcommerceTesting" finished-at="2025-05-22T18:01:10 EDT" duration-ms="32385">
      <class name="example.TC001">
        <test-method is-config="true" signature="initChrome()[pri:0, instance:example.TC001@459e9125]" started-at="2025-05-22T18:00:37 EDT" name="initChrome" finished-at="2025-05-22T18:00:40 EDT" duration-ms="2101" status="PASS">
          <reporter-output>
          </reporter-output>
        </test-method> <!-- initChrome -->
        <test-method signature="priceCompare()[pri:0, instance:example.TC001@459e9125]" started-at="2025-05-22T18:00:40 EDT" name="priceCompare" finished-at="2025-05-22T18:01:07 EDT" duration-ms="27590" status="PASS">
          <reporter-output>
          </reporter-output>
        </test-method> <!-- priceCompare -->
        <test-method is-config="true" signature="tearDown()[pri:0, instance:example.TC001@459e9125]" started-at="2025-05-22T18:01:07 EDT" name="tearDown" finished-at="2025-05-22T18:01:07 EDT" duration-ms="220" status="PASS">
          <reporter-output>
          </reporter-output>
        </test-method> <!-- tearDown -->
      </class> <!-- example.TC001 -->
      <class name="example.TC002">
        <test-method is-config="true" signature="initChrome()[pri:0, instance:example.TC002@76505305]" started-at="2025-05-22T18:01:07 EDT" name="initChrome" finished-at="2025-05-22T18:01:09 EDT" duration-ms="1107" status="PASS">
          <reporter-output>
          </reporter-output>
        </test-method> <!-- initChrome -->
        <test-method signature="printAutoFeed()[pri:1, instance:example.TC002@76505305]" started-at="2025-05-22T18:01:09 EDT" name="printAutoFeed" finished-at="2025-05-22T18:01:10 EDT" duration-ms="1083" status="PASS">
          <reporter-output>
          </reporter-output>
        </test-method> <!-- printAutoFeed -->
        <test-method is-config="true" signature="tearDown()[pri:0, instance:example.TC002@76505305]" started-at="2025-05-22T18:01:10 EDT" name="tearDown" finished-at="2025-05-22T18:01:10 EDT" duration-ms="217" status="PASS">
          <reporter-output>
          </reporter-output>
        </test-method> <!-- tearDown -->
      </class> <!-- example.TC002 -->
    </test> <!-- EcommerceTesting -->
  </suite> <!-- All Test Suite -->
</testng-results>
